Flow report for prj
Sun Oct 30 20:37:33 2016
Quartus Prime Version 15.1.0 Build 185 10/21/2015 SJ Standard Edition


---------------------
; Table of Contents ;
---------------------
  1. Legal Notice
  2. Flow Summary
  3. Flow Settings
  4. Flow Non-Default Global Settings
  5. Flow Elapsed Time
  6. Flow OS Summary
  7. Flow Log
  8. Flow Messages
  9. Flow Suppressed Messages



----------------
; Legal Notice ;
----------------
Copyright (C) 1991-2015 Altera Corporation. All rights reserved.
Your use of Altera Corporation's design tools, logic functions 
and other software and tools, and its AMPP partner logic 
functions, and any output files from any of the foregoing 
(including device programming or simulation files), and any 
associated documentation or information are expressly subject 
to the terms and conditions of the Altera Program License 
Subscription Agreement, the Altera Quartus Prime License Agreement,
the Altera MegaCore Function License Agreement, or other 
applicable license agreement, including, without limitation, 
that your use is for the sole purpose of programming logic 
devices manufactured by Altera and sold by Altera or its 
authorized distributors.  Please refer to the applicable 
agreement for further details.



+--------------------------------------------------------------------------------------+
; Flow Summary                                                                         ;
+------------------------------------+-------------------------------------------------+
; Flow Status                        ; Successful - Sun Oct 30 20:37:11 2016           ;
; Quartus Prime Version              ; 15.1.0 Build 185 10/21/2015 SJ Standard Edition ;
; Revision Name                      ; prj                                             ;
; Top-level Entity Name              ; Uart1To20Top                                    ;
; Family                             ; MAX 10                                          ;
; Device                             ; 10M08SCU169I7G                                  ;
; Timing Models                      ; Final                                           ;
; Total logic elements               ; 6,875 / 8,064 ( 85 % )                          ;
;     Total combinational functions  ; 6,710 / 8,064 ( 83 % )                          ;
;     Dedicated logic registers      ; 4,262 / 8,064 ( 53 % )                          ;
; Total registers                    ; 4262                                            ;
; Total pins                         ; 48 / 130 ( 37 % )                               ;
; Total virtual pins                 ; 0                                               ;
; Total memory bits                  ; 81,920 / 387,072 ( 21 % )                       ;
; Embedded Multiplier 9-bit elements ; 0 / 48 ( 0 % )                                  ;
; Total PLLs                         ; 1 / 1 ( 100 % )                                 ;
; UFM blocks                         ; 0 / 1 ( 0 % )                                   ;
; ADC blocks                         ; 0                                               ;
+------------------------------------+-------------------------------------------------+


+-----------------------------------------+
; Flow Settings                           ;
+-------------------+---------------------+
; Option            ; Setting             ;
+-------------------+---------------------+
; Start date & time ; 10/30/2016 20:33:15 ;
; Main task         ; Compilation         ;
; Revision Name     ; prj                 ;
+-------------------+---------------------+


+-------------------------------------------------------------------------------------------------------------------------+
; Flow Non-Default Global Settings                                                                                        ;
+-------------------------------------+---------------------------------------+---------------+--------------+------------+
; Assignment Name                     ; Value                                 ; Default Value ; Entity Name  ; Section Id ;
+-------------------------------------+---------------------------------------+---------------+--------------+------------+
; COMPILER_SIGNATURE_ID               ; 102120448725922.147783079410856       ; --            ; --           ; --         ;
; MAX_CORE_JUNCTION_TEMP              ; 100                                   ; --            ; --           ; --         ;
; MIN_CORE_JUNCTION_TEMP              ; -40                                   ; --            ; --           ; --         ;
; MISC_FILE                           ; fifo256X8_bb.v                        ; --            ; --           ; --         ;
; MISC_FILE                           ; src/pll_8MIn_bb.v                     ; --            ; --           ; --         ;
; MISC_FILE                           ; src/pll_8MIn.ppf                      ; --            ; --           ; --         ;
; PARTITION_COLOR                     ; 16764057                              ; --            ; Uart1To20Top ; Top        ;
; PARTITION_FITTER_PRESERVATION_LEVEL ; PLACEMENT_AND_ROUTING                 ; --            ; Uart1To20Top ; Top        ;
; PARTITION_NETLIST_TYPE              ; SOURCE                                ; --            ; Uart1To20Top ; Top        ;
; POWER_BOARD_THERMAL_MODEL           ; None (CONSERVATIVE)                   ; --            ; --           ; --         ;
; POWER_PRESET_COOLING_SOLUTION       ; 23 MM HEAT SINK WITH 200 LFPM AIRFLOW ; --            ; --           ; --         ;
; PROJECT_OUTPUT_DIRECTORY            ; output_files                          ; --            ; --           ; --         ;
; SEARCH_PATH                         ; e:\work\king\prj\src                  ; --            ; --           ; --         ;
; TOP_LEVEL_ENTITY                    ; Uart1To20Top                          ; prj           ; --           ; --         ;
+-------------------------------------+---------------------------------------+---------------+--------------+------------+


+-------------------------------------------------------------------------------------------------------------------------------+
; Flow Elapsed Time                                                                                                             ;
+---------------------------+--------------+-------------------------+---------------------+------------------------------------+
; Module Name               ; Elapsed Time ; Average Processors Used ; Peak Virtual Memory ; Total CPU Time (on all processors) ;
+---------------------------+--------------+-------------------------+---------------------+------------------------------------+
; Analysis & Synthesis      ; 00:00:51     ; 1.0                     ; 879 MB              ; 00:01:08                           ;
; Fitter                    ; 00:02:15     ; 1.1                     ; 1480 MB             ; 00:02:24                           ;
; Assembler                 ; 00:00:03     ; 1.0                     ; 738 MB              ; 00:00:02                           ;
; PowerPlay Power Analyzer  ; 00:00:22     ; 1.2                     ; 894 MB              ; 00:00:26                           ;
; TimeQuest Timing Analyzer ; 00:00:16     ; 1.4                     ; 872 MB              ; 00:00:19                           ;
; Total                     ; 00:03:47     ; --                      ; --                  ; 00:04:19                           ;
+---------------------------+--------------+-------------------------+---------------------+------------------------------------+


+----------------------------------------------------------------------------------------+
; Flow OS Summary                                                                        ;
+---------------------------+------------------+-----------+------------+----------------+
; Module Name               ; Machine Hostname ; OS Name   ; OS Version ; Processor type ;
+---------------------------+------------------+-----------+------------+----------------+
; Analysis & Synthesis      ; dingguo-PC       ; Windows 7 ; 6.1        ; x86_64         ;
; Fitter                    ; dingguo-PC       ; Windows 7 ; 6.1        ; x86_64         ;
; Assembler                 ; dingguo-PC       ; Windows 7 ; 6.1        ; x86_64         ;
; PowerPlay Power Analyzer  ; dingguo-PC       ; Windows 7 ; 6.1        ; x86_64         ;
; TimeQuest Timing Analyzer ; dingguo-PC       ; Windows 7 ; 6.1        ; x86_64         ;
+---------------------------+------------------+-----------+------------+----------------+


------------
; Flow Log ;
------------
quartus_map --read_settings_files=on --write_settings_files=off prj -c prj
quartus_fit --read_settings_files=off --write_settings_files=off prj -c prj
quartus_asm --read_settings_files=off --write_settings_files=off prj -c prj
quartus_pow --read_settings_files=off --write_settings_files=off prj -c prj
quartus_sta prj -c prj



